<?xml version="1.0" encoding="UTF-8"?>
<testng-results skipped="0" failed="0" total="2" passed="2">
  <reporter-output>
  </reporter-output>
  <suite name="Default suite" duration-ms="19160" started-at="2020-12-13T19:24:04Z" finished-at="2020-12-13T19:24:23Z">
    <groups>
    </groups>
    <test name="Default test" duration-ms="19160" started-at="2020-12-13T19:24:04Z" finished-at="2020-12-13T19:24:23Z">
      <class name="com.NDTV.TestCases.NDTVHomePageTest">
        <test-method status="PASS" signature="setUp()[pri:0, instance:com.NDTV.TestCases.NDTVHomePageTest@3d2ee678]" name="setUp" is-config="true" duration-ms="35026" started-at="2020-12-14T00:53:29Z" finished-at="2020-12-14T00:54:04Z">
          <reporter-output>
          </reporter-output>
        </test-method> <!-- setUp -->
        <test-method status="PASS" signature="setExtent()[pri:0, instance:com.NDTV.TestCases.NDTVHomePageTest@3d2ee678]" name="setExtent" is-config="true" duration-ms="247" started-at="2020-12-14T00:54:04Z" finished-at="2020-12-14T00:54:04Z">
          <reporter-output>
          </reporter-output>
        </test-method> <!-- setExtent -->
        <test-method status="PASS" signature="verifyNDTVWeatherPage()[pri:1, instance:com.NDTV.TestCases.NDTVHomePageTest@3d2ee678]" name="verifyNDTVWeatherPage" duration-ms="15096" started-at="2020-12-14T00:54:04Z" finished-at="2020-12-14T00:54:20Z">
          <reporter-output>
          </reporter-output>
        </test-method> <!-- verifyNDTVWeatherPage -->
        <test-method status="PASS" signature="validateRestAPIInfoAganistUIValues()[pri:2, instance:com.NDTV.TestCases.NDTVHomePageTest@3d2ee678]" name="validateRestAPIInfoAganistUIValues" duration-ms="3281" started-at="2020-12-14T00:54:20Z" depends-on-methods="com.NDTV.TestCases.NDTVHomePageTest.verifyNDTVWeatherPage" finished-at="2020-12-14T00:54:23Z">
          <reporter-output>
          </reporter-output>
        </test-method> <!-- validateRestAPIInfoAganistUIValues -->
        <test-method status="PASS" signature="endReport()[pri:0, instance:com.NDTV.TestCases.NDTVHomePageTest@3d2ee678]" name="endReport" is-config="true" duration-ms="520" started-at="2020-12-14T00:54:23Z" finished-at="2020-12-14T00:54:23Z">
          <reporter-output>
          </reporter-output>
        </test-method> <!-- endReport -->
        <test-method status="PASS" signature="tearDown()[pri:0, instance:com.NDTV.TestCases.NDTVHomePageTest@3d2ee678]" name="tearDown" is-config="true" duration-ms="2277" started-at="2020-12-14T00:54:24Z" finished-at="2020-12-14T00:54:26Z">
          <reporter-output>
          </reporter-output>
        </test-method> <!-- tearDown -->
      </class> <!-- com.NDTV.TestCases.NDTVHomePageTest -->
    </test> <!-- Default test -->
  </suite> <!-- Default suite -->
</testng-results>
